<?xml version="1.0" encoding="UTF-8"?>
<testsuites name="Validate Login Feature" time="51.603" tests="3" failures="0" errors="0">
   <testsuite name="Validate Login Feature" tests="3" failures="0" errors="0" time="51.603" skipped="0" timestamp="27-03-2025T10:48:56" hostname="91876 - LAPTOP-DPH6TB0H" id="Test Suites/Validate Login Feature">
      <properties>
         <property name="deviceName" value=""/>
         <property name="devicePlatform"/>
         <property name="logFolder" value="C:\\Users\\91876\\git\\KatalonCertification\\Reports\\20250327_104820\\Validate Login Feature\\20250327_104820"/>
         <property name="logFiles" value="C:\\Users\\91876\\git\\KatalonCertification\\Reports\\20250327_104820\\Validate Login Feature\\20250327_104820\\execution0.log"/>
         <property name="attachments" value=""/>
         <property name="hostName" value="91876 - LAPTOP-DPH6TB0H"/>
         <property name="os" value="Windows 11 64bit"/>
         <property name="katalonVersion" value="10.1.1.0"/>
         <property name="browser" value="Chrome 134.0.6998.118"/>
         <property name="hostAddress" value="192.168.1.7"/>
         <property name="sessionId" value="2e912bc440afeca7d125856c16214be7"/>
         <property name="seleniumVersion" value="4.22.0"/>
         <property name="proxyInformation" value="ProxyInformation { proxyOption=NO_PROXY, proxyServerType=HTTP, username=, password=********, proxyServerAddress=, proxyServerPort=0, executionList=&quot;&quot;, isApplyToDesiredCapabilities=true }"/>
         <property name="platform" value="Windows 11"/>
      </properties>
      <testcase name="Test Cases/TC1_Login with invalid creds" time="23.401" classname="Test Cases/TC1_Login with invalid creds" status="PASSED">
         <system-out><![CDATA[27-03-2025T10:48:56 - [TEST_CASE][PASSED] - Test Cases/TC1_Login with invalid creds: Test Cases/TC1_Login with invalid creds

27-03-2025T10:48:57 - [TEST_STEP][PASSED] - openBrowser(""): Browser is opened with url: ''

27-03-2025T10:48:58 - [MESSAGE][INFO] - Starting 'Chrome' driver

27-03-2025T10:48:58 - [MESSAGE][INFO] - Action delay is set to 0 milliseconds

27-03-2025T10:49:06 - [MESSAGE][PASSED] - Browser is opened with url: ''

27-03-2025T10:49:06 - [TEST_STEP][PASSED] - navigateToUrl("https://katalon-demo-cura.herokuapp.com/"): Navigate to 'https://katalon-demo-cura.herokuapp.com/' successfully

27-03-2025T10:49:09 - [MESSAGE][PASSED] - Navigate to 'https://katalon-demo-cura.herokuapp.com/' successfully

27-03-2025T10:49:09 - [TEST_STEP][PASSED] - click(findTestObject("Object Repository/Page_CURA Healthcare Service/a_Make Appointment")): Object: 'Object Repository/Page_CURA Healthcare Service/a_Make Appointment' is clicked on

27-03-2025T10:49:12 - [MESSAGE][PASSED] - Object: 'Object Repository/Page_CURA Healthcare Service/a_Make Appointment' is clicked on

27-03-2025T10:49:12 - [TEST_STEP][PASSED] - setText(findTestObject("Object Repository/Page_CURA Healthcare Service/input_Username_username"), "John"): Text 'John' is set on object 'Object Repository/Page_CURA Healthcare Service/input_Username_username'

27-03-2025T10:49:15 - [MESSAGE][PASSED] - Text 'John' is set on object 'Object Repository/Page_CURA Healthcare Service/input_Username_username'

27-03-2025T10:49:15 - [TEST_STEP][PASSED] - setEncryptedText(findTestObject("Object Repository/Page_CURA Healthcare Service/input_Password_password"), "8ylGA/40/qI="): Text ****** has been set on object 'Object Repository/Page_CURA Healthcare Service/input_Password_password'

27-03-2025T10:49:16 - [MESSAGE][PASSED] - Text ****** has been set on object 'Object Repository/Page_CURA Healthcare Service/input_Password_password'

27-03-2025T10:49:17 - [TEST_STEP][PASSED] - click(findTestObject("Object Repository/Page_CURA Healthcare Service/button_Login")): Object: 'Object Repository/Page_CURA Healthcare Service/button_Login' is clicked on

27-03-2025T10:49:19 - [MESSAGE][PASSED] - Object: 'Object Repository/Page_CURA Healthcare Service/button_Login' is clicked on

27-03-2025T10:49:19 - [TEST_STEP][PASSED] - verifyElementText(findTestObject("Object Repository/Page_CURA Healthcare Service/p_Login failed Please ensure the username a_eb55b5"), "Login failed! Please ensure the username and password are valid."): Actual text and expected text of test object 'Object Repository/Page_CURA Healthcare Service/p_Login failed Please ensure the username a_eb55b5' are matched.

27-03-2025T10:49:19 - [MESSAGE][PASSED] - Actual text and expected text of test object 'Object Repository/Page_CURA Healthcare Service/p_Login failed Please ensure the username a_eb55b5' are matched.

27-03-2025T10:49:19 - [TEST_STEP][PASSED] - closeBrowser(): Browser is closed

27-03-2025T10:49:20 - [MESSAGE][PASSED] - Browser is closed]]></system-out>
         <system-err><![CDATA[]]></system-err>
      </testcase>
      <testcase name="Test Cases/TC2_Login with valid creds" time="15.986" classname="Test Cases/TC2_Login with valid creds" status="PASSED">
         <system-out><![CDATA[27-03-2025T10:49:20 - [TEST_CASE][PASSED] - Test Cases/TC2_Login with valid creds: Test Cases/TC2_Login with valid creds

27-03-2025T10:49:20 - [TEST_STEP][PASSED] - openBrowser(""): Browser is opened with url: ''

27-03-2025T10:49:20 - [MESSAGE][INFO] - Starting 'Chrome' driver

27-03-2025T10:49:20 - [MESSAGE][INFO] - Action delay is set to 0 milliseconds

27-03-2025T10:49:25 - [MESSAGE][PASSED] - Browser is opened with url: ''

27-03-2025T10:49:25 - [TEST_STEP][PASSED] - navigateToUrl("https://katalon-demo-cura.herokuapp.com/"): Navigate to 'https://katalon-demo-cura.herokuapp.com/' successfully

27-03-2025T10:49:28 - [MESSAGE][PASSED] - Navigate to 'https://katalon-demo-cura.herokuapp.com/' successfully

27-03-2025T10:49:28 - [TEST_STEP][PASSED] - click(findTestObject("Object Repository/Page_CURA Healthcare Service/a_Make Appointment")): Object: 'Object Repository/Page_CURA Healthcare Service/a_Make Appointment' is clicked on

27-03-2025T10:49:30 - [MESSAGE][PASSED] - Object: 'Object Repository/Page_CURA Healthcare Service/a_Make Appointment' is clicked on

27-03-2025T10:49:30 - [TEST_STEP][PASSED] - setText(findTestObject("Object Repository/Page_CURA Healthcare Service/input_Username_username"), "John Doe"): Text 'John Doe' is set on object 'Object Repository/Page_CURA Healthcare Service/input_Username_username'

27-03-2025T10:49:32 - [MESSAGE][PASSED] - Text 'John Doe' is set on object 'Object Repository/Page_CURA Healthcare Service/input_Username_username'

27-03-2025T10:49:32 - [TEST_STEP][PASSED] - setEncryptedText(findTestObject("Object Repository/Page_CURA Healthcare Service/input_Password_password"), "g3/DOGG74jC3Flrr3yH+3D/yKbOqqUNM"): Text ****** has been set on object 'Object Repository/Page_CURA Healthcare Service/input_Password_password'

27-03-2025T10:49:33 - [MESSAGE][PASSED] - Text ****** has been set on object 'Object Repository/Page_CURA Healthcare Service/input_Password_password'

27-03-2025T10:49:33 - [TEST_STEP][PASSED] - click(findTestObject("Object Repository/Page_CURA Healthcare Service/button_Login")): Object: 'Object Repository/Page_CURA Healthcare Service/button_Login' is clicked on

27-03-2025T10:49:34 - [MESSAGE][PASSED] - Object: 'Object Repository/Page_CURA Healthcare Service/button_Login' is clicked on

27-03-2025T10:49:34 - [TEST_STEP][PASSED] - verifyElementText(findTestObject("Object Repository/Page_CURA Healthcare Service/h2_Make Appointment"), "Make Appointment"): Actual text and expected text of test object 'Object Repository/Page_CURA Healthcare Service/h2_Make Appointment' are matched.

27-03-2025T10:49:35 - [MESSAGE][PASSED] - Actual text and expected text of test object 'Object Repository/Page_CURA Healthcare Service/h2_Make Appointment' are matched.

27-03-2025T10:49:35 - [TEST_STEP][PASSED] - closeBrowser(): Browser is closed

27-03-2025T10:49:36 - [MESSAGE][PASSED] - Browser is closed]]></system-out>
         <system-err><![CDATA[]]></system-err>
      </testcase>
      <testcase name="Test Cases/TC3_Login with empty details" time="11.617" classname="Test Cases/TC3_Login with empty details" status="PASSED">
         <system-out><![CDATA[27-03-2025T10:49:36 - [TEST_CASE][PASSED] - Test Cases/TC3_Login with empty details: Test Cases/TC3_Login with empty details

27-03-2025T10:49:36 - [TEST_STEP][PASSED] - openBrowser(""): Browser is opened with url: ''

27-03-2025T10:49:36 - [MESSAGE][INFO] - Starting 'Chrome' driver

27-03-2025T10:49:36 - [MESSAGE][INFO] - Action delay is set to 0 milliseconds

27-03-2025T10:49:41 - [MESSAGE][PASSED] - Browser is opened with url: ''

27-03-2025T10:49:41 - [TEST_STEP][PASSED] - navigateToUrl("https://katalon-demo-cura.herokuapp.com/"): Navigate to 'https://katalon-demo-cura.herokuapp.com/' successfully

27-03-2025T10:49:43 - [MESSAGE][PASSED] - Navigate to 'https://katalon-demo-cura.herokuapp.com/' successfully

27-03-2025T10:49:43 - [TEST_STEP][PASSED] - click(findTestObject("Object Repository/Page_CURA Healthcare Service/a_Make Appointment")): Object: 'Object Repository/Page_CURA Healthcare Service/a_Make Appointment' is clicked on

27-03-2025T10:49:45 - [MESSAGE][PASSED] - Object: 'Object Repository/Page_CURA Healthcare Service/a_Make Appointment' is clicked on

27-03-2025T10:49:45 - [TEST_STEP][PASSED] - click(findTestObject("Object Repository/Page_CURA Healthcare Service/button_Login")): Object: 'Object Repository/Page_CURA Healthcare Service/button_Login' is clicked on

27-03-2025T10:49:46 - [MESSAGE][PASSED] - Object: 'Object Repository/Page_CURA Healthcare Service/button_Login' is clicked on

27-03-2025T10:49:46 - [TEST_STEP][PASSED] - verifyElementText(findTestObject("Object Repository/Page_CURA Healthcare Service/p_Login failed Please ensure the username a_eb55b5"), "Login failed! Please ensure the username and password are valid."): Actual text and expected text of test object 'Object Repository/Page_CURA Healthcare Service/p_Login failed Please ensure the username a_eb55b5' are matched.

27-03-2025T10:49:47 - [MESSAGE][PASSED] - Actual text and expected text of test object 'Object Repository/Page_CURA Healthcare Service/p_Login failed Please ensure the username a_eb55b5' are matched.

27-03-2025T10:49:47 - [TEST_STEP][PASSED] - closeBrowser(): Browser is closed

27-03-2025T10:49:47 - [MESSAGE][PASSED] - Browser is closed]]></system-out>
         <system-err><![CDATA[]]></system-err>
      </testcase>
      <system-out><![CDATA[27-03-2025T10:48:56 - [TEST_SUITE][PASSED] - Validate Login Feature: Test Cases/TC3_Login with empty details]]></system-out>
      <system-err><![CDATA[]]></system-err>
   </testsuite>
</testsuites>
