<?xml version="1.0" encoding="UTF-8"?>
<testsuites name="Validate Book Appointment Feature" time="67.122" tests="2" failures="0" errors="0">
   <testsuite name="Validate Book Appointment Feature" tests="2" failures="0" errors="0" time="67.122" skipped="0" timestamp="27-03-2025T10:50:15" hostname="91876 - LAPTOP-DPH6TB0H" id="Test Suites/Validate Book Appointment Feature">
      <properties>
         <property name="deviceName" value=""/>
         <property name="devicePlatform"/>
         <property name="logFolder" value="C:\\Users\\91876\\git\\KatalonCertification\\Reports\\20250327_105005\\Validate Book Appointment Feature\\20250327_105005"/>
         <property name="logFiles" value="C:\\Users\\91876\\git\\KatalonCertification\\Reports\\20250327_105005\\Validate Book Appointment Feature\\20250327_105005\\execution0.log"/>
         <property name="attachments" value=""/>
         <property name="hostName" value="91876 - LAPTOP-DPH6TB0H"/>
         <property name="os" value="Windows 11 64bit"/>
         <property name="katalonVersion" value="10.1.1.0"/>
         <property name="browser" value="Chrome 134.0.6998.118"/>
         <property name="hostAddress" value="192.168.1.7"/>
         <property name="sessionId" value="26e6190cb4dbdd18c8c8adb77f82d85b"/>
         <property name="seleniumVersion" value="4.22.0"/>
         <property name="proxyInformation" value="ProxyInformation { proxyOption=NO_PROXY, proxyServerType=HTTP, username=, password=********, proxyServerAddress=, proxyServerPort=0, executionList=&quot;&quot;, isApplyToDesiredCapabilities=true }"/>
         <property name="platform" value="Windows 11"/>
      </properties>
      <testcase name="Test Cases/TC4_Book Appointment with ReAdmission" time="37.666" classname="Test Cases/TC4_Book Appointment with ReAdmission" status="PASSED">
         <system-out><![CDATA[27-03-2025T10:50:16 - [TEST_CASE][PASSED] - Test Cases/TC4_Book Appointment with ReAdmission: Test Cases/TC4_Book Appointment with ReAdmission

27-03-2025T10:50:17 - [TEST_STEP][PASSED] - openBrowser(""): Browser is opened with url: ''

27-03-2025T10:50:17 - [MESSAGE][INFO] - Starting 'Chrome' driver

27-03-2025T10:50:18 - [MESSAGE][INFO] - Action delay is set to 0 milliseconds

27-03-2025T10:50:27 - [MESSAGE][PASSED] - Browser is opened with url: ''

27-03-2025T10:50:27 - [TEST_STEP][PASSED] - navigateToUrl("https://katalon-demo-cura.herokuapp.com/"): Navigate to 'https://katalon-demo-cura.herokuapp.com/' successfully

27-03-2025T10:50:38 - [MESSAGE][PASSED] - Navigate to 'https://katalon-demo-cura.herokuapp.com/' successfully

27-03-2025T10:50:38 - [TEST_STEP][PASSED] - click(findTestObject("Object Repository/Page_CURA Healthcare Service/a_Make Appointment")): Object: 'Object Repository/Page_CURA Healthcare Service/a_Make Appointment' is clicked on

27-03-2025T10:50:40 - [MESSAGE][PASSED] - Object: 'Object Repository/Page_CURA Healthcare Service/a_Make Appointment' is clicked on

27-03-2025T10:50:40 - [TEST_STEP][PASSED] - setText(findTestObject("Object Repository/Page_CURA Healthcare Service/input_Username_username"), "John Doe"): Text 'John Doe' is set on object 'Object Repository/Page_CURA Healthcare Service/input_Username_username'

27-03-2025T10:50:42 - [MESSAGE][PASSED] - Text 'John Doe' is set on object 'Object Repository/Page_CURA Healthcare Service/input_Username_username'

27-03-2025T10:50:42 - [TEST_STEP][PASSED] - setEncryptedText(findTestObject("Object Repository/Page_CURA Healthcare Service/input_Password_password"), "g3/DOGG74jC3Flrr3yH+3D/yKbOqqUNM"): Text ****** has been set on object 'Object Repository/Page_CURA Healthcare Service/input_Password_password'

27-03-2025T10:50:44 - [MESSAGE][PASSED] - Text ****** has been set on object 'Object Repository/Page_CURA Healthcare Service/input_Password_password'

27-03-2025T10:50:44 - [TEST_STEP][PASSED] - click(findTestObject("Object Repository/Page_CURA Healthcare Service/button_Login")): Object: 'Object Repository/Page_CURA Healthcare Service/button_Login' is clicked on

27-03-2025T10:50:48 - [MESSAGE][PASSED] - Object: 'Object Repository/Page_CURA Healthcare Service/button_Login' is clicked on

27-03-2025T10:50:48 - [TEST_STEP][PASSED] - click(findTestObject("Object Repository/Page_CURA Healthcare Service/input_Apply for hospital readmission_hospit_63901f")): Object: 'Object Repository/Page_CURA Healthcare Service/input_Apply for hospital readmission_hospit_63901f' is clicked on

27-03-2025T10:50:49 - [MESSAGE][PASSED] - Object: 'Object Repository/Page_CURA Healthcare Service/input_Apply for hospital readmission_hospit_63901f' is clicked on

27-03-2025T10:50:49 - [TEST_STEP][PASSED] - click(findTestObject("Object Repository/Page_CURA Healthcare Service/div_Visit Date (Required)_input-group-addon")): Object: 'Object Repository/Page_CURA Healthcare Service/div_Visit Date (Required)_input-group-addon' is clicked on

27-03-2025T10:50:49 - [MESSAGE][PASSED] - Object: 'Object Repository/Page_CURA Healthcare Service/div_Visit Date (Required)_input-group-addon' is clicked on

27-03-2025T10:50:49 - [TEST_STEP][PASSED] - click(findTestObject("Object Repository/Page_CURA Healthcare Service/td_3")): Object: 'Object Repository/Page_CURA Healthcare Service/td_3' is clicked on

27-03-2025T10:50:50 - [MESSAGE][PASSED] - Object: 'Object Repository/Page_CURA Healthcare Service/td_3' is clicked on

27-03-2025T10:50:50 - [TEST_STEP][PASSED] - click(findTestObject("Object Repository/Page_CURA Healthcare Service/button_Book Appointment")): Object: 'Object Repository/Page_CURA Healthcare Service/button_Book Appointment' is clicked on

27-03-2025T10:50:51 - [MESSAGE][PASSED] - Object: 'Object Repository/Page_CURA Healthcare Service/button_Book Appointment' is clicked on

27-03-2025T10:50:51 - [TEST_STEP][PASSED] - verifyElementText(findTestObject("Object Repository/Page_CURA Healthcare Service/h2_Appointment Confirmation"), "Appointment Confirmation"): Actual text and expected text of test object 'Object Repository/Page_CURA Healthcare Service/h2_Appointment Confirmation' are matched.

27-03-2025T10:50:52 - [MESSAGE][PASSED] - Actual text and expected text of test object 'Object Repository/Page_CURA Healthcare Service/h2_Appointment Confirmation' are matched.

27-03-2025T10:50:52 - [TEST_STEP][PASSED] - verifyElementText(findTestObject("Object Repository/Page_CURA Healthcare Service/p_Tokyo CURA Healthcare Center"), "Tokyo CURA Healthcare Center"): Actual text and expected text of test object 'Object Repository/Page_CURA Healthcare Service/p_Tokyo CURA Healthcare Center' are matched.

27-03-2025T10:50:52 - [MESSAGE][PASSED] - Actual text and expected text of test object 'Object Repository/Page_CURA Healthcare Service/p_Tokyo CURA Healthcare Center' are matched.

27-03-2025T10:50:52 - [TEST_STEP][PASSED] - verifyElementText(findTestObject("Object Repository/Page_CURA Healthcare Service/p_Yes"), "Yes"): Actual text and expected text of test object 'Object Repository/Page_CURA Healthcare Service/p_Yes' are matched.

27-03-2025T10:50:53 - [MESSAGE][PASSED] - Actual text and expected text of test object 'Object Repository/Page_CURA Healthcare Service/p_Yes' are matched.

27-03-2025T10:50:53 - [TEST_STEP][PASSED] - verifyElementText(findTestObject("Object Repository/Page_CURA Healthcare Service/p_03032025"), "03/03/2025"): Actual text and expected text of test object 'Object Repository/Page_CURA Healthcare Service/p_03032025' are matched.

27-03-2025T10:50:53 - [MESSAGE][PASSED] - Actual text and expected text of test object 'Object Repository/Page_CURA Healthcare Service/p_03032025' are matched.

27-03-2025T10:50:53 - [TEST_STEP][PASSED] - closeBrowser(): Browser is closed

27-03-2025T10:50:54 - [MESSAGE][PASSED] - Browser is closed]]></system-out>
         <system-err><![CDATA[]]></system-err>
      </testcase>
      <testcase name="Test Cases/TC5_Book Appointment without ReAdmission" time="28.599" classname="Test Cases/TC5_Book Appointment without ReAdmission" status="PASSED">
         <system-out><![CDATA[27-03-2025T10:50:54 - [TEST_CASE][PASSED] - Test Cases/TC5_Book Appointment without ReAdmission: Test Cases/TC5_Book Appointment without ReAdmission

27-03-2025T10:50:54 - [TEST_STEP][PASSED] - openBrowser(""): Browser is opened with url: ''

27-03-2025T10:50:54 - [MESSAGE][INFO] - Starting 'Chrome' driver

27-03-2025T10:50:54 - [MESSAGE][INFO] - Action delay is set to 0 milliseconds

27-03-2025T10:51:02 - [MESSAGE][PASSED] - Browser is opened with url: ''

27-03-2025T10:51:02 - [TEST_STEP][PASSED] - navigateToUrl("https://katalon-demo-cura.herokuapp.com/"): Navigate to 'https://katalon-demo-cura.herokuapp.com/' successfully

27-03-2025T10:51:05 - [MESSAGE][PASSED] - Navigate to 'https://katalon-demo-cura.herokuapp.com/' successfully

27-03-2025T10:51:05 - [TEST_STEP][PASSED] - click(findTestObject("Object Repository/Page_CURA Healthcare Service/a_Make Appointment")): Object: 'Object Repository/Page_CURA Healthcare Service/a_Make Appointment' is clicked on

27-03-2025T10:51:07 - [MESSAGE][PASSED] - Object: 'Object Repository/Page_CURA Healthcare Service/a_Make Appointment' is clicked on

27-03-2025T10:51:08 - [TEST_STEP][PASSED] - setText(findTestObject("Object Repository/Page_CURA Healthcare Service/input_Username_username"), "John Doe"): Text 'John Doe' is set on object 'Object Repository/Page_CURA Healthcare Service/input_Username_username'

27-03-2025T10:51:11 - [MESSAGE][PASSED] - Text 'John Doe' is set on object 'Object Repository/Page_CURA Healthcare Service/input_Username_username'

27-03-2025T10:51:11 - [TEST_STEP][PASSED] - setEncryptedText(findTestObject("Object Repository/Page_CURA Healthcare Service/input_Password_password"), "g3/DOGG74jC3Flrr3yH+3D/yKbOqqUNM"): Text ****** has been set on object 'Object Repository/Page_CURA Healthcare Service/input_Password_password'

27-03-2025T10:51:15 - [MESSAGE][PASSED] - Text ****** has been set on object 'Object Repository/Page_CURA Healthcare Service/input_Password_password'

27-03-2025T10:51:15 - [TEST_STEP][PASSED] - click(findTestObject("Object Repository/Page_CURA Healthcare Service/button_Login")): Object: 'Object Repository/Page_CURA Healthcare Service/button_Login' is clicked on

27-03-2025T10:51:17 - [MESSAGE][PASSED] - Object: 'Object Repository/Page_CURA Healthcare Service/button_Login' is clicked on

27-03-2025T10:51:17 - [TEST_STEP][PASSED] - verifyElementText(findTestObject("Object Repository/Page_CURA Healthcare Service/h2_Make Appointment"), "Make Appointment"): Actual text and expected text of test object 'Object Repository/Page_CURA Healthcare Service/h2_Make Appointment' are matched.

27-03-2025T10:51:18 - [MESSAGE][PASSED] - Actual text and expected text of test object 'Object Repository/Page_CURA Healthcare Service/h2_Make Appointment' are matched.

27-03-2025T10:51:18 - [TEST_STEP][PASSED] - click(findTestObject("Object Repository/Page_CURA Healthcare Service/span_Visit Date (Required)_glyphicon glyphi_cada34")): Object: 'Object Repository/Page_CURA Healthcare Service/span_Visit Date (Required)_glyphicon glyphi_cada34' is clicked on

27-03-2025T10:51:18 - [MESSAGE][PASSED] - Object: 'Object Repository/Page_CURA Healthcare Service/span_Visit Date (Required)_glyphicon glyphi_cada34' is clicked on

27-03-2025T10:51:18 - [TEST_STEP][PASSED] - click(findTestObject("Object Repository/Page_CURA Healthcare Service/td_3")): Object: 'Object Repository/Page_CURA Healthcare Service/td_3' is clicked on

27-03-2025T10:51:19 - [MESSAGE][PASSED] - Object: 'Object Repository/Page_CURA Healthcare Service/td_3' is clicked on

27-03-2025T10:51:19 - [TEST_STEP][PASSED] - click(findTestObject("Object Repository/Page_CURA Healthcare Service/button_Book Appointment")): Object: 'Object Repository/Page_CURA Healthcare Service/button_Book Appointment' is clicked on

27-03-2025T10:51:20 - [MESSAGE][PASSED] - Object: 'Object Repository/Page_CURA Healthcare Service/button_Book Appointment' is clicked on

27-03-2025T10:51:20 - [TEST_STEP][PASSED] - verifyElementText(findTestObject("Object Repository/Page_CURA Healthcare Service/h2_Appointment Confirmation"), "Appointment Confirmation"): Actual text and expected text of test object 'Object Repository/Page_CURA Healthcare Service/h2_Appointment Confirmation' are matched.

27-03-2025T10:51:21 - [MESSAGE][PASSED] - Actual text and expected text of test object 'Object Repository/Page_CURA Healthcare Service/h2_Appointment Confirmation' are matched.

27-03-2025T10:51:21 - [TEST_STEP][PASSED] - verifyElementText(findTestObject("Object Repository/Page_CURA Healthcare Service/p_No"), "No"): Actual text and expected text of test object 'Object Repository/Page_CURA Healthcare Service/p_No' are matched.

27-03-2025T10:51:21 - [MESSAGE][PASSED] - Actual text and expected text of test object 'Object Repository/Page_CURA Healthcare Service/p_No' are matched.

27-03-2025T10:51:21 - [TEST_STEP][PASSED] - verifyElementText(findTestObject("Object Repository/Page_CURA Healthcare Service/p_03032025"), "03/03/2025"): Actual text and expected text of test object 'Object Repository/Page_CURA Healthcare Service/p_03032025' are matched.

27-03-2025T10:51:22 - [MESSAGE][PASSED] - Actual text and expected text of test object 'Object Repository/Page_CURA Healthcare Service/p_03032025' are matched.

27-03-2025T10:51:22 - [TEST_STEP][PASSED] - closeBrowser(): Browser is closed

27-03-2025T10:51:22 - [MESSAGE][PASSED] - Browser is closed]]></system-out>
         <system-err><![CDATA[]]></system-err>
      </testcase>
      <system-out><![CDATA[27-03-2025T10:50:15 - [TEST_SUITE][PASSED] - Validate Book Appointment Feature: Test Cases/TC5_Book Appointment without ReAdmission]]></system-out>
      <system-err><![CDATA[]]></system-err>
   </testsuite>
</testsuites>
